<?xml version="1.0" encoding="UTF-8"?>
<!-- Generated by org.testng.reporters.JUnitReportReporter -->
<testsuite hostname="ASHOKMWIN10" failures="0" tests="1" name="myPackage1.MyLogin" time="18.593" errors="0" timestamp="2022-05-04T22:01:25 IST" skipped="0">
  <testcase classname="myPackage1.MyLogin" name="Test" time="18.593"/>
  <system-out/>
</testsuite> <!-- myPackage1.MyLogin -->
