<?xml version="1.0" encoding="UTF-8"?>
<!-- Generated by org.testng.reporters.JUnitReportReporter -->
<testsuite hostname="ASHOKMWIN10" failures="0" tests="1" name="myPackage1.MyLogin" time="19.169" errors="0" timestamp="2022-05-06T18:00:54 IST" skipped="0">
  <testcase classname="myPackage1.MyLogin" name="Test" time="19.169"/>
  <system-out/>
</testsuite> <!-- myPackage1.MyLogin -->
